Last update: Wed May 13 20:16:54 UTC 2026
Last update: Wed May 13 22:58:01 UTC 2026
Last update: Thu May 14 02:15:36 UTC 2026
Last update: Thu May 14 06:40:58 UTC 2026
Last update: Thu May 14 10:06:40 UTC 2026
Last update: Thu May 14 13:47:38 UTC 2026
Last update: Thu May 14 16:06:06 UTC 2026
Last update: Thu May 14 19:28:37 UTC 2026
Last update: Thu May 14 21:03:24 UTC 2026
Last update: Thu May 14 22:49:30 UTC 2026
Last update: Fri May 15 02:13:46 UTC 2026
Last update: Fri May 15 06:50:18 UTC 2026
Last update: Fri May 15 10:13:33 UTC 2026
Last update: Fri May 15 13:44:44 UTC 2026
Last update: Fri May 15 15:57:19 UTC 2026
Last update: Fri May 15 17:25:27 UTC 2026
Last update: Fri May 15 19:18:23 UTC 2026
Last update: Fri May 15 20:52:25 UTC 2026
Last update: Fri May 15 22:44:28 UTC 2026
Last update: Sat May 16 02:05:43 UTC 2026
Last update: Sat May 16 06:15:55 UTC 2026
Last update: Sat May 16 09:22:10 UTC 2026
Last update: Sat May 16 10:55:50 UTC 2026
Last update: Sat May 16 13:00:19 UTC 2026
Last update: Sat May 16 14:47:57 UTC 2026
Last update: Sat May 16 16:47:04 UTC 2026
Last update: Sat May 16 18:52:07 UTC 2026
Last update: Sat May 16 20:38:52 UTC 2026
Last update: Sat May 16 22:37:00 UTC 2026
Last update: Sun May 17 02:09:51 UTC 2026
Last update: Sun May 17 06:39:47 UTC 2026
Last update: Sun May 17 09:28:02 UTC 2026
Last update: Sun May 17 10:59:04 UTC 2026
Last update: Sun May 17 12:58:54 UTC 2026
Last update: Sun May 17 14:49:13 UTC 2026
Last update: Sun May 17 16:47:26 UTC 2026
Last update: Sun May 17 18:55:14 UTC 2026
Last update: Sun May 17 20:39:47 UTC 2026
Last update: Sun May 17 22:44:08 UTC 2026
Last update: Mon May 18 02:30:50 UTC 2026
Last update: Mon May 18 07:55:26 UTC 2026
Last update: Mon May 18 11:38:41 UTC 2026
Last update: Mon May 18 14:55:07 UTC 2026
Last update: Mon May 18 17:53:17 UTC 2026
Last update: Mon May 18 19:26:00 UTC 2026
Last update: Mon May 18 21:02:53 UTC 2026
Last update: Mon May 18 22:50:42 UTC 2026
Last update: Tue May 19 02:29:57 UTC 2026
Last update: Tue May 19 07:37:13 UTC 2026
Last update: Tue May 19 10:54:15 UTC 2026
Last update: Tue May 19 14:38:55 UTC 2026
Last update: Tue May 19 17:57:48 UTC 2026
Last update: Tue May 19 19:50:25 UTC 2026
Last update: Tue May 19 21:12:26 UTC 2026
Last update: Tue May 19 22:57:16 UTC 2026
Last update: Wed May 20 02:29:59 UTC 2026
Last update: Wed May 20 07:36:01 UTC 2026
Last update: Wed May 20 10:42:29 UTC 2026
Last update: Wed May 20 14:38:17 UTC 2026
Last update: Wed May 20 18:12:46 UTC 2026
Last update: Wed May 20 18:13:18 UTC 2026
Last update: Wed May 20 21:43:39 UTC 2026
Last update: Wed May 20 23:05:21 UTC 2026
Last update: Thu May 21 02:30:30 UTC 2026
Last update: Thu May 21 07:42:21 UTC 2026
Last update: Thu May 21 10:59:10 UTC 2026
Last update: Thu May 21 14:43:49 UTC 2026
Last update: Thu May 21 17:50:37 UTC 2026
Last update: Thu May 21 19:44:00 UTC 2026
Last update: Thu May 21 21:22:05 UTC 2026
Last update: Thu May 21 22:58:04 UTC 2026
Last update: Fri May 22 02:32:17 UTC 2026
Last update: Fri May 22 07:36:39 UTC 2026
Last update: Fri May 22 10:42:34 UTC 2026
Last update: Fri May 22 14:19:07 UTC 2026
Last update: Fri May 22 17:45:09 UTC 2026
Last update: Fri May 22 19:23:47 UTC 2026
Last update: Fri May 22 21:03:33 UTC 2026
Last update: Fri May 22 22:50:58 UTC 2026
Last update: Sat May 23 02:09:02 UTC 2026
Last update: Sat May 23 06:28:45 UTC 2026
Last update: Sat May 23 09:44:13 UTC 2026
Last update: Sat May 23 11:04:37 UTC 2026
Last update: Sat May 23 13:03:07 UTC 2026
Last update: Sat May 23 14:54:04 UTC 2026
Last update: Sat May 23 16:51:35 UTC 2026
Last update: Sat May 23 18:57:13 UTC 2026
Last update: Sat May 23 20:39:11 UTC 2026
Last update: Sat May 23 22:43:14 UTC 2026
Last update: Sun May 24 02:27:53 UTC 2026
Last update: Sun May 24 06:54:00 UTC 2026
Last update: Sun May 24 09:48:10 UTC 2026
Last update: Sun May 24 11:08:13 UTC 2026
Last update: Sun May 24 13:02:25 UTC 2026
Last update: Sun May 24 14:56:03 UTC 2026
Last update: Sun May 24 16:53:02 UTC 2026
Last update: Sun May 24 19:03:38 UTC 2026
Last update: Sun May 24 20:43:15 UTC 2026
Last update: Sun May 24 22:48:44 UTC 2026
Last update: Mon May 25 02:35:42 UTC 2026
Last update: Mon May 25 08:12:19 UTC 2026
Last update: Mon May 25 12:56:28 UTC 2026
Last update: Mon May 25 16:15:35 UTC 2026
Last update: Mon May 25 19:16:23 UTC 2026
Last update: Mon May 25 20:57:32 UTC 2026
Last update: Mon May 25 22:51:48 UTC 2026
Last update: Tue May 26 02:26:29 UTC 2026
Last update: Tue May 26 07:36:53 UTC 2026
Last update: Tue May 26 14:46:54 UTC 2026
Last update: Tue May 26 18:17:32 UTC 2026
Last update: Tue May 26 21:29:00 UTC 2026
Last update: Tue May 26 23:01:28 UTC 2026
Last update: Wed May 27 02:35:48 UTC 2026
Last update: Wed May 27 07:56:25 UTC 2026
Last update: Wed May 27 11:33:43 UTC 2026
Last update: Wed May 27 14:56:50 UTC 2026
Last update: Wed May 27 18:20:15 UTC 2026
Last update: Wed May 27 21:46:45 UTC 2026
Last update: Wed May 27 23:10:44 UTC 2026
Last update: Thu May 28 02:11:51 UTC 2026
Last update: Thu May 28 07:49:07 UTC 2026
Last update: Thu May 28 11:29:44 UTC 2026
Last update: Thu May 28 15:30:22 UTC 2026
Last update: Thu May 28 18:30:41 UTC 2026
Last update: Thu May 28 21:49:48 UTC 2026
Last update: Thu May 28 23:07:45 UTC 2026
Last update: Fri May 29 02:15:41 UTC 2026
Last update: Fri May 29 07:47:02 UTC 2026
Last update: Fri May 29 11:20:27 UTC 2026
Last update: Fri May 29 14:42:16 UTC 2026
Last update: Fri May 29 18:26:54 UTC 2026
Last update: Fri May 29 21:45:30 UTC 2026
Last update: Fri May 29 23:04:29 UTC 2026
Last update: Sat May 30 02:11:24 UTC 2026
Last update: Sat May 30 06:40:25 UTC 2026
Last update: Sat May 30 09:51:27 UTC 2026
Last update: Sat May 30 11:13:25 UTC 2026
Last update: Sat May 30 13:04:44 UTC 2026
Last update: Sat May 30 14:59:10 UTC 2026
Last update: Sat May 30 16:52:41 UTC 2026
Last update: Sat May 30 18:59:53 UTC 2026
Last update: Sat May 30 20:45:00 UTC 2026
Last update: Sat May 30 22:49:34 UTC 2026
Last update: Sun May 31 02:36:38 UTC 2026
Last update: Sun May 31 07:38:27 UTC 2026
Last update: Sun May 31 10:08:00 UTC 2026
Last update: Sun May 31 13:16:45 UTC 2026
Last update: Sun May 31 15:12:46 UTC 2026
Last update: Sun May 31 16:57:22 UTC 2026
Last update: Sun May 31 19:03:25 UTC 2026
Last update: Sun May 31 20:50:15 UTC 2026
Last update: Sun May 31 22:51:17 UTC 2026
Last update: Mon Jun  1 02:45:46 UTC 2026
Last update: Mon Jun  1 09:13:49 UTC 2026
Last update: Mon Jun  1 15:49:21 UTC 2026
Last update: Mon Jun  1 20:11:00 UTC 2026
Last update: Mon Jun  1 23:21:37 UTC 2026
Last update: Tue Jun  2 02:43:49 UTC 2026
Last update: Tue Jun  2 08:20:46 UTC 2026
Last update: Tue Jun  2 13:52:41 UTC 2026
Last update: Tue Jun  2 17:59:58 UTC 2026
Last update: Tue Jun  2 20:54:33 UTC 2026
